<?xml version="1.0" encoding="UTF-8"?>
<!-- Generated by org.testng.reporters.JUnitXMLReporter -->
<testsuite hostname="ussr-Latitude-E5440" ignored="0" name="Default test" tests="3" failures="0" timestamp="09 Jul 2018 18:54:34 GMT" time="9.66" errors="0">
  <testcase name="goToOrderPage" time="1.516" classname="pomdesign.OrderPageTest"/>
  <testcase name="processTheLoginPage" time="2.211" classname="pomdesign.OrderPageTest"/>
  <testcase name="allOrdersVerification" time="0.852" classname="pomdesign.OrderPageTest"/>
</testsuite> <!-- Default test -->
