<?xml version="1.0" encoding="UTF-8"?>
<!-- Generated by org.testng.reporters.JUnitXMLReporter -->
<testsuite hostname="ussr-Latitude-E5440" ignored="0" name="Default test" tests="3" failures="0" timestamp="23 Jun 2018 09:14:56 GMT" time="61.929" errors="0">
  <testcase name="amazonSearch1" time="5.078" classname="com.amazon.AmazonTestCases"/>
  <testcase name="amazonSearch2" time="8.626" classname="com.amazon.AmazonTestCases"/>
  <testcase name="amazonSearch3" time="27.37" classname="com.amazon.AmazonTestCases"/>
</testsuite> <!-- Default test -->
