<?xml version="1.0" encoding="UTF-8"?>
<!-- Generated by org.testng.reporters.JUnitXMLReporter -->
<testsuite hostname="ussr-Latitude-E5440" ignored="0" name="Default test" tests="3" failures="0" timestamp="23 Jun 2018 08:49:11 GMT" time="65.045" errors="0">
  <testcase name="amazonSearch1" time="6.473" classname="com.amazon.AmazonTestCases"/>
  <testcase name="amazonSearch2" time="6.575" classname="com.amazon.AmazonTestCases"/>
  <testcase name="amazonSearch3" time="30.129" classname="com.amazon.AmazonTestCases"/>
</testsuite> <!-- Default test -->
