<?xml version="1.0" encoding="UTF-8"?>
<testng-results skipped="0" failed="0" ignored="0" total="1" passed="1">
  <reporter-output>
  </reporter-output>
  <suite name="Default suite" duration-ms="23243" started-at="2018-07-03T14:22:31Z" finished-at="2018-07-03T14:22:54Z">
    <groups>
    </groups>
    <test name="Default test" duration-ms="23243" started-at="2018-07-03T14:22:31Z" finished-at="2018-07-03T14:22:54Z">
      <class name="youtubeSeo.YoutubeSearcher">
        <test-method status="PASS" signature="setup()[pri:0, instance:youtubeSeo.YoutubeSearcher@769f6023]" name="setup" is-config="true" duration-ms="3365" started-at="2018-07-03T14:22:31Z" finished-at="2018-07-03T14:22:34Z">
          <reporter-output>
          </reporter-output>
        </test-method> <!-- setup -->
        <test-method status="PASS" signature="youtubeSearch()[pri:0, instance:youtubeSeo.YoutubeSearcher@769f6023]" name="youtubeSearch" duration-ms="19686" started-at="2018-07-03T14:22:34Z" finished-at="2018-07-03T14:22:54Z">
          <reporter-output>
          </reporter-output>
        </test-method> <!-- youtubeSearch -->
        <test-method status="PASS" signature="tearDown()[pri:0, instance:youtubeSeo.YoutubeSearcher@769f6023]" name="tearDown" is-config="true" duration-ms="156" started-at="2018-07-03T14:22:54Z" finished-at="2018-07-03T14:22:54Z">
          <reporter-output>
          </reporter-output>
        </test-method> <!-- tearDown -->
      </class> <!-- youtubeSeo.YoutubeSearcher -->
    </test> <!-- Default test -->
  </suite> <!-- Default suite -->
</testng-results>
