<?xml version="1.0" encoding="UTF-8"?>
<testng-results skipped="0" failed="0" ignored="0" total="1" passed="1">
  <reporter-output>
  </reporter-output>
  <suite name="Default suite" duration-ms="94984" started-at="2018-07-03T15:47:12Z" finished-at="2018-07-03T15:48:47Z">
    <groups>
    </groups>
    <test name="Default test" duration-ms="94984" started-at="2018-07-03T15:47:12Z" finished-at="2018-07-03T15:48:47Z">
      <class name="youtubeSearcher.YoutubeSearcher">
        <test-method status="PASS" signature="setup()[pri:0, instance:youtubeSearcher.YoutubeSearcher@2bfa5678]" name="setup" is-config="true" duration-ms="11193" started-at="2018-07-03T15:47:12Z" finished-at="2018-07-03T15:47:23Z">
          <reporter-output>
          </reporter-output>
        </test-method> <!-- setup -->
        <test-method status="PASS" signature="test1()[pri:0, instance:youtubeSearcher.YoutubeSearcher@2bfa5678]" name="test1" duration-ms="83086" started-at="2018-07-03T15:47:23Z" finished-at="2018-07-03T15:48:46Z">
          <reporter-output>
          </reporter-output>
        </test-method> <!-- test1 -->
        <test-method status="PASS" signature="tearDown()[pri:0, instance:youtubeSearcher.YoutubeSearcher@2bfa5678]" name="tearDown" is-config="true" duration-ms="626" started-at="2018-07-03T15:48:46Z" finished-at="2018-07-03T15:48:47Z">
          <reporter-output>
          </reporter-output>
        </test-method> <!-- tearDown -->
      </class> <!-- youtubeSearcher.YoutubeSearcher -->
    </test> <!-- Default test -->
  </suite> <!-- Default suite -->
</testng-results>
