<?xml version="1.0" encoding="UTF-8"?>
<testng-results skipped="0" failed="0" ignored="0" total="2" passed="2">
  <reporter-output>
  </reporter-output>
  <suite name="Default suite" duration-ms="24324" started-at="2018-06-24T10:07:29Z" finished-at="2018-06-24T10:07:53Z">
    <groups>
    </groups>
    <test name="Default test" duration-ms="24324" started-at="2018-06-24T10:07:29Z" finished-at="2018-06-24T10:07:53Z">
      <class name="com.jobSearchTest.PersonalInfoTests">
        <test-method status="PASS" signature="setUp()[pri:0, instance:com.jobSearchTest.PersonalInfoTests@7ec68821]" name="setUp" is-config="true" duration-ms="3156" started-at="2018-06-24T10:07:29Z" finished-at="2018-06-24T10:07:32Z">
          <reporter-output>
          </reporter-output>
        </test-method> <!-- setUp -->
        <test-method status="PASS" signature="navigateToHomePage()[pri:0, instance:com.jobSearchTest.PersonalInfoTests@7ec68821]" name="navigateToHomePage" is-config="true" duration-ms="1575" started-at="2018-06-24T10:07:32Z" finished-at="2018-06-24T10:07:34Z">
          <reporter-output>
          </reporter-output>
        </test-method> <!-- navigateToHomePage -->
        <test-method status="PASS" signature="fullNameEmptyTest()[pri:0, instance:com.jobSearchTest.PersonalInfoTests@7ec68821]" name="fullNameEmptyTest" duration-ms="365" started-at="2018-06-24T10:07:34Z" finished-at="2018-06-24T10:07:34Z">
          <reporter-output>
          </reporter-output>
        </test-method> <!-- fullNameEmptyTest -->
        <test-method status="PASS" signature="navigateToHomePage()[pri:0, instance:com.jobSearchTest.PersonalInfoTests@7ec68821]" name="navigateToHomePage" is-config="true" duration-ms="314" started-at="2018-06-24T10:07:34Z" finished-at="2018-06-24T10:07:35Z">
          <reporter-output>
          </reporter-output>
        </test-method> <!-- navigateToHomePage -->
        <test-method status="PASS" signature="submitFullApplication()[pri:0, instance:com.jobSearchTest.PersonalInfoTests@7ec68821]" name="submitFullApplication" duration-ms="18876" started-at="2018-06-24T10:07:35Z" finished-at="2018-06-24T10:07:53Z">
          <reporter-output>
          </reporter-output>
        </test-method> <!-- submitFullApplication -->
      </class> <!-- com.jobSearchTest.PersonalInfoTests -->
    </test> <!-- Default test -->
  </suite> <!-- Default suite -->
</testng-results>
