<?xml version="1.0" encoding="UTF-8"?>
<testng-results skipped="0" failed="0" ignored="0" total="4" passed="4">
  <reporter-output>
  </reporter-output>
  <suite name="Default suite" duration-ms="36421" started-at="2018-06-20T18:25:45Z" finished-at="2018-06-20T18:26:21Z">
    <groups>
    </groups>
    <test name="Default test" duration-ms="36421" started-at="2018-06-20T18:25:45Z" finished-at="2018-06-20T18:26:21Z">
      <class name="com.prestashop.tests.PrestaShopTestNegative">
        <test-method status="PASS" signature="beforeTest()[pri:0, instance:com.prestashop.tests.PrestaShopTestNegative@464bee09]" name="beforeTest" is-config="true" duration-ms="7655" started-at="2018-06-20T18:25:45Z" finished-at="2018-06-20T18:25:53Z">
          <reporter-output>
          </reporter-output>
        </test-method> <!-- beforeTest -->
        <test-method status="PASS" signature="blankEmailTest()[pri:0, instance:com.prestashop.tests.PrestaShopTestNegative@464bee09]" name="blankEmailTest" duration-ms="1971" started-at="2018-06-20T18:25:53Z" finished-at="2018-06-20T18:25:54Z">
          <reporter-output>
          </reporter-output>
        </test-method> <!-- blankEmailTest -->
        <test-method status="PASS" signature="afterMethod()[pri:0, instance:com.prestashop.tests.PrestaShopTestNegative@464bee09]" name="afterMethod" is-config="true" duration-ms="265" started-at="2018-06-20T18:25:54Z" finished-at="2018-06-20T18:25:55Z">
          <reporter-output>
          </reporter-output>
        </test-method> <!-- afterMethod -->
        <test-method status="PASS" signature="beforeTest()[pri:0, instance:com.prestashop.tests.PrestaShopTestNegative@464bee09]" name="beforeTest" is-config="true" duration-ms="6738" started-at="2018-06-20T18:25:55Z" finished-at="2018-06-20T18:26:01Z">
          <reporter-output>
          </reporter-output>
        </test-method> <!-- beforeTest -->
        <test-method status="PASS" signature="blankPassTest()[pri:0, instance:com.prestashop.tests.PrestaShopTestNegative@464bee09]" name="blankPassTest" duration-ms="2647" started-at="2018-06-20T18:26:01Z" finished-at="2018-06-20T18:26:04Z">
          <reporter-output>
          </reporter-output>
        </test-method> <!-- blankPassTest -->
        <test-method status="PASS" signature="afterMethod()[pri:0, instance:com.prestashop.tests.PrestaShopTestNegative@464bee09]" name="afterMethod" is-config="true" duration-ms="342" started-at="2018-06-20T18:26:04Z" finished-at="2018-06-20T18:26:04Z">
          <reporter-output>
          </reporter-output>
        </test-method> <!-- afterMethod -->
        <test-method status="PASS" signature="beforeTest()[pri:0, instance:com.prestashop.tests.PrestaShopTestNegative@464bee09]" name="beforeTest" is-config="true" duration-ms="5757" started-at="2018-06-20T18:26:04Z" finished-at="2018-06-20T18:26:10Z">
          <reporter-output>
          </reporter-output>
        </test-method> <!-- beforeTest -->
        <test-method status="PASS" signature="invalidEmailTest()[pri:0, instance:com.prestashop.tests.PrestaShopTestNegative@464bee09]" name="invalidEmailTest" duration-ms="2452" started-at="2018-06-20T18:26:10Z" finished-at="2018-06-20T18:26:13Z">
          <reporter-output>
          </reporter-output>
        </test-method> <!-- invalidEmailTest -->
        <test-method status="PASS" signature="afterMethod()[pri:0, instance:com.prestashop.tests.PrestaShopTestNegative@464bee09]" name="afterMethod" is-config="true" duration-ms="266" started-at="2018-06-20T18:26:13Z" finished-at="2018-06-20T18:26:13Z">
          <reporter-output>
          </reporter-output>
        </test-method> <!-- afterMethod -->
        <test-method status="PASS" signature="beforeTest()[pri:0, instance:com.prestashop.tests.PrestaShopTestNegative@464bee09]" name="beforeTest" is-config="true" duration-ms="5650" started-at="2018-06-20T18:26:13Z" finished-at="2018-06-20T18:26:19Z">
          <reporter-output>
          </reporter-output>
        </test-method> <!-- beforeTest -->
        <test-method status="PASS" signature="wrongCredentialsTest()[pri:0, instance:com.prestashop.tests.PrestaShopTestNegative@464bee09]" name="wrongCredentialsTest" duration-ms="2367" started-at="2018-06-20T18:26:19Z" finished-at="2018-06-20T18:26:21Z">
          <reporter-output>
          </reporter-output>
        </test-method> <!-- wrongCredentialsTest -->
        <test-method status="PASS" signature="afterMethod()[pri:0, instance:com.prestashop.tests.PrestaShopTestNegative@464bee09]" name="afterMethod" is-config="true" duration-ms="234" started-at="2018-06-20T18:26:21Z" finished-at="2018-06-20T18:26:21Z">
          <reporter-output>
          </reporter-output>
        </test-method> <!-- afterMethod -->
      </class> <!-- com.prestashop.tests.PrestaShopTestNegative -->
    </test> <!-- Default test -->
  </suite> <!-- Default suite -->
</testng-results>
