<?xml version="1.0" encoding="UTF-8"?>
<testng-results skipped="0" failed="0" ignored="0" total="1" passed="1">
  <reporter-output>
  </reporter-output>
  <suite name="Default suite" duration-ms="35947" started-at="2018-06-20T18:34:04Z" finished-at="2018-06-20T18:34:40Z">
    <groups>
    </groups>
    <test name="Default test" duration-ms="35947" started-at="2018-06-20T18:34:04Z" finished-at="2018-06-20T18:34:40Z">
      <class name="com.prestashop.tests.PrestaShopTestPositive">
        <test-method status="PASS" signature="beforeTest()[pri:0, instance:com.prestashop.tests.PrestaShopTestPositive@464bee09]" name="beforeTest" is-config="true" duration-ms="10627" started-at="2018-06-20T18:34:04Z" finished-at="2018-06-20T18:34:15Z">
          <reporter-output>
          </reporter-output>
        </test-method> <!-- beforeTest -->
        <test-method status="PASS" signature="loginTest()[pri:0, instance:com.prestashop.tests.PrestaShopTestPositive@464bee09]" name="loginTest" duration-ms="24988" started-at="2018-06-20T18:34:15Z" finished-at="2018-06-20T18:34:40Z">
          <reporter-output>
          </reporter-output>
        </test-method> <!-- loginTest -->
        <test-method status="PASS" signature="afterMethod()[pri:0, instance:com.prestashop.tests.PrestaShopTestPositive@464bee09]" name="afterMethod" is-config="true" duration-ms="286" started-at="2018-06-20T18:34:40Z" finished-at="2018-06-20T18:34:40Z">
          <reporter-output>
          </reporter-output>
        </test-method> <!-- afterMethod -->
      </class> <!-- com.prestashop.tests.PrestaShopTestPositive -->
    </test> <!-- Default test -->
  </suite> <!-- Default suite -->
</testng-results>
