<?xml version="1.0" encoding="UTF-8"?>
<!-- Generated by org.testng.reporters.JUnitXMLReporter -->
<testsuite hostname="ussr-Latitude-E5440" ignored="0" name="Default test" tests="5" failures="0" timestamp="20 Jun 2018 18:13:45 GMT" time="72.885" errors="0">
  <testcase name="blankEmailTest" time="2.629" classname="com.prestashop.tests.PrestaShopTest"/>
  <testcase name="blankPassTest" time="2.124" classname="com.prestashop.tests.PrestaShopTest"/>
  <testcase name="invalidEmailTest" time="2.656" classname="com.prestashop.tests.PrestaShopTest"/>
  <testcase name="loginTest" time="24.836" classname="com.prestashop.tests.PrestaShopTest"/>
  <testcase name="wrongCredentialsTest" time="2.363" classname="com.prestashop.tests.PrestaShopTest"/>
</testsuite> <!-- Default test -->
