<?xml version="1.0" encoding="UTF-8"?>
<!-- Generated by org.testng.reporters.JUnitXMLReporter -->
<testsuite hostname="ussr-Latitude-E5440" ignored="0" name="Default test" tests="4" failures="0" timestamp="20 Jun 2018 18:26:21 GMT" time="36.421" errors="0">
  <testcase name="blankEmailTest" time="1.971" classname="com.prestashop.tests.PrestaShopTestNegative"/>
  <testcase name="blankPassTest" time="2.647" classname="com.prestashop.tests.PrestaShopTestNegative"/>
  <testcase name="invalidEmailTest" time="2.452" classname="com.prestashop.tests.PrestaShopTestNegative"/>
  <testcase name="wrongCredentialsTest" time="2.367" classname="com.prestashop.tests.PrestaShopTestNegative"/>
</testsuite> <!-- Default test -->
