<?xml version="1.0" encoding="UTF-8"?>
<testng-results skipped="0" failed="0" ignored="0" total="15" passed="15">
  <reporter-output>
  </reporter-output>
  <suite name="Default suite" duration-ms="17013" started-at="2018-06-29T07:43:53Z" finished-at="2018-06-29T07:44:10Z">
    <groups>
    </groups>
    <test name="Default test" duration-ms="17013" started-at="2018-06-29T07:43:53Z" finished-at="2018-06-29T07:44:10Z">
      <class name="com.ucar.MockarooTests">
        <test-method status="PASS" signature="beforeClass()[pri:0, instance:com.ucar.MockarooTests@271053e1]" name="beforeClass" is-config="true" duration-ms="5643" started-at="2018-06-29T07:43:53Z" finished-at="2018-06-29T07:43:59Z">
          <reporter-output>
          </reporter-output>
        </test-method> <!-- beforeClass -->
        <test-method status="PASS" signature="test1()[pri:1, instance:com.ucar.MockarooTests@271053e1]" name="test1" duration-ms="21" started-at="2018-06-29T07:43:59Z" finished-at="2018-06-29T07:43:59Z">
          <reporter-output>
          </reporter-output>
        </test-method> <!-- test1 -->
        <test-method status="PASS" signature="beforeMethod()[pri:0, instance:com.ucar.MockarooTests@271053e1]" name="beforeMethod" is-config="true" duration-ms="0" started-at="2018-06-29T07:43:59Z" finished-at="2018-06-29T07:43:59Z">
          <reporter-output>
          </reporter-output>
        </test-method> <!-- beforeMethod -->
        <test-method status="PASS" signature="afterMethod()[pri:0, instance:com.ucar.MockarooTests@271053e1]" name="afterMethod" is-config="true" duration-ms="1" started-at="2018-06-29T07:43:59Z" finished-at="2018-06-29T07:43:59Z">
          <reporter-output>
          </reporter-output>
        </test-method> <!-- afterMethod -->
        <test-method status="PASS" signature="test2()[pri:2, instance:com.ucar.MockarooTests@271053e1]" name="test2" duration-ms="273" started-at="2018-06-29T07:43:59Z" finished-at="2018-06-29T07:43:59Z">
          <reporter-output>
          </reporter-output>
        </test-method> <!-- test2 -->
        <test-method status="PASS" signature="beforeMethod()[pri:0, instance:com.ucar.MockarooTests@271053e1]" name="beforeMethod" is-config="true" duration-ms="0" started-at="2018-06-29T07:43:59Z" finished-at="2018-06-29T07:43:59Z">
          <reporter-output>
          </reporter-output>
        </test-method> <!-- beforeMethod -->
        <test-method status="PASS" signature="afterMethod()[pri:0, instance:com.ucar.MockarooTests@271053e1]" name="afterMethod" is-config="true" duration-ms="0" started-at="2018-06-29T07:43:59Z" finished-at="2018-06-29T07:43:59Z">
          <reporter-output>
          </reporter-output>
        </test-method> <!-- afterMethod -->
        <test-method status="PASS" signature="beforeMethod()[pri:0, instance:com.ucar.MockarooTests@271053e1]" name="beforeMethod" is-config="true" duration-ms="1" started-at="2018-06-29T07:43:59Z" finished-at="2018-06-29T07:43:59Z">
          <reporter-output>
          </reporter-output>
        </test-method> <!-- beforeMethod -->
        <test-method status="PASS" signature="test3()[pri:3, instance:com.ucar.MockarooTests@271053e1]" name="test3" duration-ms="718" started-at="2018-06-29T07:43:59Z" finished-at="2018-06-29T07:44:00Z">
          <reporter-output>
          </reporter-output>
        </test-method> <!-- test3 -->
        <test-method status="PASS" signature="afterMethod()[pri:0, instance:com.ucar.MockarooTests@271053e1]" name="afterMethod" is-config="true" duration-ms="0" started-at="2018-06-29T07:44:00Z" finished-at="2018-06-29T07:44:00Z">
          <reporter-output>
          </reporter-output>
        </test-method> <!-- afterMethod -->
        <test-method status="PASS" signature="beforeMethod()[pri:0, instance:com.ucar.MockarooTests@271053e1]" name="beforeMethod" is-config="true" duration-ms="1" started-at="2018-06-29T07:44:00Z" finished-at="2018-06-29T07:44:00Z">
          <reporter-output>
          </reporter-output>
        </test-method> <!-- beforeMethod -->
        <test-method status="PASS" signature="test4()[pri:4, instance:com.ucar.MockarooTests@271053e1]" name="test4" duration-ms="212" started-at="2018-06-29T07:44:00Z" finished-at="2018-06-29T07:44:00Z">
          <reporter-output>
          </reporter-output>
        </test-method> <!-- test4 -->
        <test-method status="PASS" signature="afterMethod()[pri:0, instance:com.ucar.MockarooTests@271053e1]" name="afterMethod" is-config="true" duration-ms="1" started-at="2018-06-29T07:44:00Z" finished-at="2018-06-29T07:44:00Z">
          <reporter-output>
          </reporter-output>
        </test-method> <!-- afterMethod -->
        <test-method status="PASS" signature="beforeMethod()[pri:0, instance:com.ucar.MockarooTests@271053e1]" name="beforeMethod" is-config="true" duration-ms="1" started-at="2018-06-29T07:44:00Z" finished-at="2018-06-29T07:44:00Z">
          <reporter-output>
          </reporter-output>
        </test-method> <!-- beforeMethod -->
        <test-method status="PASS" signature="test5()[pri:5, instance:com.ucar.MockarooTests@271053e1]" name="test5" duration-ms="58" started-at="2018-06-29T07:44:00Z" finished-at="2018-06-29T07:44:00Z">
          <reporter-output>
          </reporter-output>
        </test-method> <!-- test5 -->
        <test-method status="PASS" signature="afterMethod()[pri:0, instance:com.ucar.MockarooTests@271053e1]" name="afterMethod" is-config="true" duration-ms="0" started-at="2018-06-29T07:44:00Z" finished-at="2018-06-29T07:44:00Z">
          <reporter-output>
          </reporter-output>
        </test-method> <!-- afterMethod -->
        <test-method status="PASS" signature="test6()[pri:6, instance:com.ucar.MockarooTests@271053e1]" name="test6" duration-ms="53" started-at="2018-06-29T07:44:00Z" finished-at="2018-06-29T07:44:00Z">
          <reporter-output>
          </reporter-output>
        </test-method> <!-- test6 -->
        <test-method status="PASS" signature="beforeMethod()[pri:0, instance:com.ucar.MockarooTests@271053e1]" name="beforeMethod" is-config="true" duration-ms="0" started-at="2018-06-29T07:44:00Z" finished-at="2018-06-29T07:44:00Z">
          <reporter-output>
          </reporter-output>
        </test-method> <!-- beforeMethod -->
        <test-method status="PASS" signature="test7()[pri:7, instance:com.ucar.MockarooTests@271053e1]" name="test7" duration-ms="62" started-at="2018-06-29T07:44:00Z" finished-at="2018-06-29T07:44:00Z">
          <reporter-output>
          </reporter-output>
        </test-method> <!-- test7 -->
        <test-method status="PASS" signature="afterMethod()[pri:0, instance:com.ucar.MockarooTests@271053e1]" name="afterMethod" is-config="true" duration-ms="0" started-at="2018-06-29T07:44:00Z" finished-at="2018-06-29T07:44:00Z">
          <reporter-output>
          </reporter-output>
        </test-method> <!-- afterMethod -->
        <test-method status="PASS" signature="beforeMethod()[pri:0, instance:com.ucar.MockarooTests@271053e1]" name="beforeMethod" is-config="true" duration-ms="0" started-at="2018-06-29T07:44:00Z" finished-at="2018-06-29T07:44:00Z">
          <reporter-output>
          </reporter-output>
        </test-method> <!-- beforeMethod -->
        <test-method status="PASS" signature="afterMethod()[pri:0, instance:com.ucar.MockarooTests@271053e1]" name="afterMethod" is-config="true" duration-ms="0" started-at="2018-06-29T07:44:00Z" finished-at="2018-06-29T07:44:00Z">
          <reporter-output>
          </reporter-output>
        </test-method> <!-- afterMethod -->
        <test-method status="PASS" signature="beforeMethod()[pri:0, instance:com.ucar.MockarooTests@271053e1]" name="beforeMethod" is-config="true" duration-ms="0" started-at="2018-06-29T07:44:00Z" finished-at="2018-06-29T07:44:00Z">
          <reporter-output>
          </reporter-output>
        </test-method> <!-- beforeMethod -->
        <test-method status="PASS" signature="test8()[pri:8, instance:com.ucar.MockarooTests@271053e1]" name="test8" duration-ms="67" started-at="2018-06-29T07:44:00Z" finished-at="2018-06-29T07:44:00Z">
          <reporter-output>
          </reporter-output>
        </test-method> <!-- test8 -->
        <test-method status="PASS" signature="afterMethod()[pri:0, instance:com.ucar.MockarooTests@271053e1]" name="afterMethod" is-config="true" duration-ms="0" started-at="2018-06-29T07:44:00Z" finished-at="2018-06-29T07:44:00Z">
          <reporter-output>
          </reporter-output>
        </test-method> <!-- afterMethod -->
        <test-method status="PASS" signature="test9()[pri:9, instance:com.ucar.MockarooTests@271053e1]" name="test9" duration-ms="131" started-at="2018-06-29T07:44:00Z" finished-at="2018-06-29T07:44:00Z">
          <reporter-output>
          </reporter-output>
        </test-method> <!-- test9 -->
        <test-method status="PASS" signature="beforeMethod()[pri:0, instance:com.ucar.MockarooTests@271053e1]" name="beforeMethod" is-config="true" duration-ms="0" started-at="2018-06-29T07:44:00Z" finished-at="2018-06-29T07:44:00Z">
          <reporter-output>
          </reporter-output>
        </test-method> <!-- beforeMethod -->
        <test-method status="PASS" signature="afterMethod()[pri:0, instance:com.ucar.MockarooTests@271053e1]" name="afterMethod" is-config="true" duration-ms="0" started-at="2018-06-29T07:44:00Z" finished-at="2018-06-29T07:44:00Z">
          <reporter-output>
          </reporter-output>
        </test-method> <!-- afterMethod -->
        <test-method status="PASS" signature="test10()[pri:10, instance:com.ucar.MockarooTests@271053e1]" name="test10" duration-ms="3083" started-at="2018-06-29T07:44:00Z" finished-at="2018-06-29T07:44:03Z">
          <reporter-output>
          </reporter-output>
        </test-method> <!-- test10 -->
        <test-method status="PASS" signature="beforeMethod()[pri:0, instance:com.ucar.MockarooTests@271053e1]" name="beforeMethod" is-config="true" duration-ms="0" started-at="2018-06-29T07:44:00Z" finished-at="2018-06-29T07:44:00Z">
          <reporter-output>
          </reporter-output>
        </test-method> <!-- beforeMethod -->
        <test-method status="PASS" signature="afterMethod()[pri:0, instance:com.ucar.MockarooTests@271053e1]" name="afterMethod" is-config="true" duration-ms="0" started-at="2018-06-29T07:44:03Z" finished-at="2018-06-29T07:44:03Z">
          <reporter-output>
          </reporter-output>
        </test-method> <!-- afterMethod -->
        <test-method status="PASS" signature="test11()[pri:11, instance:com.ucar.MockarooTests@271053e1]" name="test11" duration-ms="2978" started-at="2018-06-29T07:44:03Z" finished-at="2018-06-29T07:44:06Z">
          <reporter-output>
          </reporter-output>
        </test-method> <!-- test11 -->
        <test-method status="PASS" signature="beforeMethod()[pri:0, instance:com.ucar.MockarooTests@271053e1]" name="beforeMethod" is-config="true" duration-ms="0" started-at="2018-06-29T07:44:03Z" finished-at="2018-06-29T07:44:03Z">
          <reporter-output>
          </reporter-output>
        </test-method> <!-- beforeMethod -->
        <test-method status="PASS" signature="afterMethod()[pri:0, instance:com.ucar.MockarooTests@271053e1]" name="afterMethod" is-config="true" duration-ms="0" started-at="2018-06-29T07:44:06Z" finished-at="2018-06-29T07:44:06Z">
          <reporter-output>
          </reporter-output>
        </test-method> <!-- afterMethod -->
        <test-method status="PASS" signature="beforeMethod()[pri:0, instance:com.ucar.MockarooTests@271053e1]" name="beforeMethod" is-config="true" duration-ms="0" started-at="2018-06-29T07:44:06Z" finished-at="2018-06-29T07:44:06Z">
          <reporter-output>
          </reporter-output>
        </test-method> <!-- beforeMethod -->
        <test-method status="PASS" signature="test12()[pri:12, instance:com.ucar.MockarooTests@271053e1]" name="test12" duration-ms="3455" started-at="2018-06-29T07:44:06Z" finished-at="2018-06-29T07:44:10Z">
          <reporter-output>
          </reporter-output>
        </test-method> <!-- test12 -->
        <test-method status="PASS" signature="afterMethod()[pri:0, instance:com.ucar.MockarooTests@271053e1]" name="afterMethod" is-config="true" duration-ms="1" started-at="2018-06-29T07:44:10Z" finished-at="2018-06-29T07:44:10Z">
          <reporter-output>
          </reporter-output>
        </test-method> <!-- afterMethod -->
        <test-method status="PASS" signature="test13()[pri:13, instance:com.ucar.MockarooTests@271053e1]" name="test13" duration-ms="2" started-at="2018-06-29T07:44:10Z" finished-at="2018-06-29T07:44:10Z">
          <reporter-output>
          </reporter-output>
        </test-method> <!-- test13 -->
        <test-method status="PASS" signature="beforeMethod()[pri:0, instance:com.ucar.MockarooTests@271053e1]" name="beforeMethod" is-config="true" duration-ms="0" started-at="2018-06-29T07:44:10Z" finished-at="2018-06-29T07:44:10Z">
          <reporter-output>
          </reporter-output>
        </test-method> <!-- beforeMethod -->
        <test-method status="PASS" signature="afterMethod()[pri:0, instance:com.ucar.MockarooTests@271053e1]" name="afterMethod" is-config="true" duration-ms="0" started-at="2018-06-29T07:44:10Z" finished-at="2018-06-29T07:44:10Z">
          <reporter-output>
          </reporter-output>
        </test-method> <!-- afterMethod -->
        <test-method status="PASS" signature="test14()[pri:14, instance:com.ucar.MockarooTests@271053e1]" name="test14" duration-ms="48" started-at="2018-06-29T07:44:10Z" finished-at="2018-06-29T07:44:10Z">
          <reporter-output>
          </reporter-output>
        </test-method> <!-- test14 -->
        <test-method status="PASS" signature="beforeMethod()[pri:0, instance:com.ucar.MockarooTests@271053e1]" name="beforeMethod" is-config="true" duration-ms="0" started-at="2018-06-29T07:44:10Z" finished-at="2018-06-29T07:44:10Z">
          <reporter-output>
          </reporter-output>
        </test-method> <!-- beforeMethod -->
        <test-method status="PASS" signature="afterMethod()[pri:0, instance:com.ucar.MockarooTests@271053e1]" name="afterMethod" is-config="true" duration-ms="0" started-at="2018-06-29T07:44:10Z" finished-at="2018-06-29T07:44:10Z">
          <reporter-output>
          </reporter-output>
        </test-method> <!-- afterMethod -->
        <test-method status="PASS" signature="test15()[pri:15, instance:com.ucar.MockarooTests@271053e1]" name="test15" duration-ms="2" started-at="2018-06-29T07:44:10Z" finished-at="2018-06-29T07:44:10Z">
          <reporter-output>
          </reporter-output>
        </test-method> <!-- test15 -->
        <test-method status="PASS" signature="beforeMethod()[pri:0, instance:com.ucar.MockarooTests@271053e1]" name="beforeMethod" is-config="true" duration-ms="0" started-at="2018-06-29T07:44:10Z" finished-at="2018-06-29T07:44:10Z">
          <reporter-output>
          </reporter-output>
        </test-method> <!-- beforeMethod -->
        <test-method status="PASS" signature="afterMethod()[pri:0, instance:com.ucar.MockarooTests@271053e1]" name="afterMethod" is-config="true" duration-ms="1" started-at="2018-06-29T07:44:10Z" finished-at="2018-06-29T07:44:10Z">
          <reporter-output>
          </reporter-output>
        </test-method> <!-- afterMethod -->
        <test-method status="PASS" signature="afterClass()[pri:0, instance:com.ucar.MockarooTests@271053e1]" name="afterClass" is-config="true" duration-ms="122" started-at="2018-06-29T07:44:10Z" finished-at="2018-06-29T07:44:10Z">
          <reporter-output>
          </reporter-output>
        </test-method> <!-- afterClass -->
      </class> <!-- com.ucar.MockarooTests -->
    </test> <!-- Default test -->
  </suite> <!-- Default suite -->
</testng-results>
